2023-06-29 21:55:08,956 INFO o.h.v.i.u.Version [background-preinit] HV000001: Hibernate Validator 8.0.0.Final
2023-06-29 21:55:09,188 INFO o.s.b.StartupInfoLogger [restartedMain] Starting SpringLibraryProjectApplication using Java 17.0.6 with PID 11192 (C:\Java\SberCourse\PRO\FILMS\springlibraryproject-996db336b6bf109bd3826a777de51f4b4843f782\SpringLibraryProjectTU\target\classes started by User in C:\Java\SberCourse\PRO\FILMS\springlibraryproject-996db336b6bf109bd3826a777de51f4b4843f782\SpringLibraryProjectTU)
2023-06-29 21:55:09,220 INFO o.s.b.SpringApplication [restartedMain] The following 1 profile is active: "prod"
2023-06-29 21:55:10,362 INFO o.s.b.l.DeferredLog [restartedMain] Devtools property defaults active! Set 'spring.devtools.add-properties' to 'false' to disable
2023-06-29 21:55:10,365 INFO o.s.b.l.DeferredLog [restartedMain] For additional web related logging consider setting the 'logging.level.web' property to 'DEBUG'
2023-06-29 21:55:14,453 INFO o.s.d.r.c.RepositoryConfigurationDelegate [restartedMain] Bootstrapping Spring Data JPA repositories in DEFAULT mode.
2023-06-29 21:55:14,773 INFO o.s.d.r.c.RepositoryConfigurationDelegate [restartedMain] Finished Spring Data repository scanning in 280 ms. Found 5 JPA repository interfaces.
2023-06-29 21:55:17,545 INFO o.s.b.w.e.t.TomcatWebServer [restartedMain] Tomcat initialized with port(s): 8081 (http)
2023-06-29 21:55:17,582 INFO o.a.j.l.DirectJDKLog [restartedMain] Initializing ProtocolHandler ["http-nio-8081"]
2023-06-29 21:55:17,586 INFO o.a.j.l.DirectJDKLog [restartedMain] Starting service [Tomcat]
2023-06-29 21:55:17,587 INFO o.a.j.l.DirectJDKLog [restartedMain] Starting Servlet engine: [Apache Tomcat/10.1.7]
2023-06-29 21:55:17,916 INFO o.a.j.l.DirectJDKLog [restartedMain] Initializing Spring embedded WebApplicationContext
2023-06-29 21:55:17,927 INFO o.s.b.w.s.c.ServletWebServerApplicationContext [restartedMain] Root WebApplicationContext: initialization completed in 7551 ms
2023-06-29 21:55:18,727 INFO o.h.j.i.u.LogHelper [restartedMain] HHH000204: Processing PersistenceUnitInfo [name: default]
2023-06-29 21:55:18,943 INFO o.h.Version [restartedMain] HHH000412: Hibernate ORM core version 6.1.7.Final
2023-06-29 21:55:20,039 INFO c.z.h.HikariDataSource [restartedMain] HikariPool-1 - Starting...
2023-06-29 21:55:21,023 INFO c.z.h.p.HikariPool [restartedMain] HikariPool-1 - Added connection org.postgresql.jdbc.PgConnection@5044a2bd
2023-06-29 21:55:21,031 INFO c.z.h.HikariDataSource [restartedMain] HikariPool-1 - Start completed.
2023-06-29 21:55:21,204 INFO o.h.e.j.d.i.DialectFactoryImpl [restartedMain] HHH000400: Using dialect: org.hibernate.dialect.PostgreSQLDialect
2023-06-29 21:55:22,196 WARN o.h.b.i.InFlightMetadataCollectorImpl [restartedMain] HHH000069: Duplicate generator name default_generator
2023-06-29 21:55:22,216 WARN o.h.b.i.InFlightMetadataCollectorImpl [restartedMain] HHH000069: Duplicate generator name default_generator
2023-06-29 21:55:22,259 WARN o.h.b.i.InFlightMetadataCollectorImpl [restartedMain] HHH000069: Duplicate generator name default_generator
2023-06-29 21:55:22,282 WARN o.h.b.i.InFlightMetadataCollectorImpl [restartedMain] HHH000069: Duplicate generator name default_generator
2023-06-29 21:55:24,572 INFO o.h.e.t.j.p.i.JtaPlatformInitiator [restartedMain] HHH000490: Using JtaPlatform implementation: [org.hibernate.engine.transaction.jta.platform.internal.NoJtaPlatform]
2023-06-29 21:55:24,605 INFO o.s.o.j.AbstractEntityManagerFactoryBean [restartedMain] Initialized JPA EntityManagerFactory for persistence unit 'default'
2023-06-29 21:55:30,480 WARN o.s.b.a.o.j.JpaBaseConfiguration$JpaWebConfiguration [restartedMain] spring.jpa.open-in-view is enabled by default. Therefore, database queries may be performed during view rendering. Explicitly configure spring.jpa.open-in-view to disable this warning
2023-06-29 21:55:30,962 INFO o.s.b.a.w.s.WelcomePageHandlerMapping [restartedMain] Adding welcome page template: index
2023-06-29 21:55:35,224 INFO o.s.s.w.DefaultSecurityFilterChain [restartedMain] Will secure any request with [org.springframework.security.web.session.DisableEncodeUrlFilter@7823f952, org.springframework.security.web.context.request.async.WebAsyncManagerIntegrationFilter@fb0c40b, org.springframework.security.web.context.SecurityContextHolderFilter@415115e3, org.springframework.security.web.header.HeaderWriterFilter@1e48fda6, org.springframework.security.web.authentication.logout.LogoutFilter@3ef26e9, org.springframework.security.web.authentication.UsernamePasswordAuthenticationFilter@81be116, org.springframework.security.web.savedrequest.RequestCacheAwareFilter@59b3eb50, org.springframework.security.web.servletapi.SecurityContextHolderAwareRequestFilter@14ab4ea7, org.springframework.security.web.authentication.AnonymousAuthenticationFilter@58f487ba, org.springframework.security.web.access.ExceptionTranslationFilter@4564c2b8, org.springframework.security.web.access.intercept.AuthorizationFilter@73908e8b]
2023-06-29 21:55:36,503 INFO o.s.b.d.a.OptionalLiveReloadServer [restartedMain] LiveReload server is running on port 35729
2023-06-29 21:55:36,546 INFO o.a.j.l.DirectJDKLog [restartedMain] Starting ProtocolHandler ["http-nio-8081"]
2023-06-29 21:55:36,613 INFO o.s.b.w.e.t.TomcatWebServer [restartedMain] Tomcat started on port(s): 8081 (http) with context path ''
2023-06-29 21:55:36,661 INFO o.s.b.StartupInfoLogger [restartedMain] Started SpringLibraryProjectApplication in 29.217 seconds (process running for 32.694)
2023-06-29 21:55:49,719 INFO o.a.j.l.DirectJDKLog [http-nio-8081-exec-1] Initializing Spring DispatcherServlet 'dispatcherServlet'
2023-06-29 21:55:49,721 INFO o.s.w.s.FrameworkServlet [http-nio-8081-exec-1] Initializing Servlet 'dispatcherServlet'
2023-06-29 21:55:49,725 INFO o.s.w.s.FrameworkServlet [http-nio-8081-exec-1] Completed initialization in 3 ms
2023-06-29 22:16:23,333 INFO o.s.o.j.AbstractEntityManagerFactoryBean [SpringApplicationShutdownHook] Closing JPA EntityManagerFactory for persistence unit 'default'
2023-06-29 22:16:23,356 INFO c.z.h.HikariDataSource [SpringApplicationShutdownHook] HikariPool-1 - Shutdown initiated...
2023-06-29 22:16:23,371 INFO c.z.h.HikariDataSource [SpringApplicationShutdownHook] HikariPool-1 - Shutdown completed.
